16:27:42.770 [main]  INFO  com.intuit.karate - Karate version: 1.5.0-SNAPSHOT
16:27:43.482 [main]  ERROR com.intuit.karate - src/test/resources/features/login/Login_page.feature:4
Given the user on the home page
no step-definition method match found for: the user on the home page
src/test/resources/features/login/Login_page.feature:4
16:27:43.811 [main]  INFO  com.intuit.karate.Suite - <<fail>> feature 1 of 1 (0 remaining) src/test/resources/features/login/Login_page.feature
16:28:07.581 [main]  INFO  com.intuit.karate - Karate version: 1.5.0-SNAPSHOT
16:28:07.842 [main]  INFO  com.intuit.karate.Suite - backed up existing 'target/karate-reports' dir to: target/karate-reports_1691875687840
16:28:08.251 [main]  ERROR com.intuit.karate - src/test/resources/features/login/Login_page.feature:4
Given the user on the home page
no step-definition method match found for: the user on the home page
src/test/resources/features/login/Login_page.feature:4
16:28:08.561 [main]  INFO  com.intuit.karate.Suite - <<fail>> feature 1 of 1 (0 remaining) src/test/resources/features/login/Login_page.feature
16:29:03.455 [main]  INFO  com.intuit.karate - Karate version: 1.5.0-SNAPSHOT
16:29:03.715 [main]  INFO  com.intuit.karate.Suite - backed up existing 'target/karate-reports' dir to: target/karate-reports_1691875743713
16:29:04.127 [main]  ERROR com.intuit.karate - src/test/resources/features/login/Login_page.feature:4
Given the user on the home page
no step-definition method match found for: the user on the home page
src/test/resources/features/login/Login_page.feature:4
16:29:04.431 [main]  INFO  com.intuit.karate.Suite - <<fail>> feature 1 of 1 (0 remaining) src/test/resources/features/login/Login_page.feature
16:30:57.625 [main]  INFO  com.intuit.karate - Karate version: 1.5.0-SNAPSHOT
16:30:57.880 [main]  INFO  com.intuit.karate.Suite - backed up existing 'target/karate-reports' dir to: target/karate-reports_1691875857878
16:30:58.285 [main]  ERROR com.intuit.karate - src/test/resources/features/login/login.feature:4
Given the user on the home page
no step-definition method match found for: the user on the home page
src/test/resources/features/login/login.feature:4
16:30:58.597 [main]  INFO  com.intuit.karate.Suite - <<fail>> feature 1 of 1 (0 remaining) src/test/resources/features/login/login.feature
16:31:37.312 [main]  INFO  com.intuit.karate - Karate version: 1.5.0-SNAPSHOT
16:31:37.568 [main]  INFO  com.intuit.karate.Suite - backed up existing 'target/karate-reports' dir to: target/karate-reports_1691875897566
16:31:37.978 [main]  ERROR com.intuit.karate - src/test/resources/features/login/login.feature:4
Given the user on the home page
no step-definition method match found for: the user on the home page
src/test/resources/features/login/login.feature:4
16:31:38.291 [main]  INFO  com.intuit.karate.Suite - <<fail>> feature 1 of 1 (0 remaining) src/test/resources/features/login/login.feature
20:40:44.807 [main]  INFO  com.intuit.karate - Karate version: 1.5.0-SNAPSHOT
20:40:45.069 [main]  INFO  com.intuit.karate.Suite - backed up existing 'target/karate-reports' dir to: target/karate-reports_1691890845067
20:40:45.499 [main]  ERROR com.intuit.karate - src/test/resources/features/login/login.feature:4
Given the user on the home page
no step-definition method match found for: the user on the home page
src/test/resources/features/login/login.feature:4
20:40:45.503 [main]  ERROR com.intuit.karate - src/test/resources/features/login/login.feature:4
Given the user on the home page
no step-definition method match found for: the user on the home page
src/test/resources/features/login/login.feature:4
20:40:45.506 [main]  ERROR com.intuit.karate - src/test/resources/features/login/login.feature:4
Given the user on the home page
no step-definition method match found for: the user on the home page
src/test/resources/features/login/login.feature:4
20:40:45.823 [main]  INFO  com.intuit.karate.Suite - <<fail>> feature 1 of 1 (0 remaining) src/test/resources/features/login/login.feature
12:33:24.033 [main]  INFO  com.intuit.karate - Karate version: 1.5.0-SNAPSHOT
12:33:24.455 [main]  INFO  com.intuit.karate.Suite - backed up existing 'target/karate-reports' dir to: target/karate-reports_1691948004452
12:33:25.191 [main]  ERROR com.intuit.karate - src/test/resources/features/login/login.feature:4
Given the user on the home page
no step-definition method match found for: the user on the home page
src/test/resources/features/login/login.feature:4
12:33:25.197 [main]  ERROR com.intuit.karate - src/test/resources/features/login/login.feature:4
Given the user on the home page
no step-definition method match found for: the user on the home page
src/test/resources/features/login/login.feature:4
12:33:25.202 [main]  ERROR com.intuit.karate - src/test/resources/features/login/login.feature:4
Given the user on the home page
no step-definition method match found for: the user on the home page
src/test/resources/features/login/login.feature:4
